[0mCompiling "resources/public/js/twit_frontend.js" from ["src_js/"]...[0m
[32mSuccessfully compiled "resources/public/js/twit_frontend.js" in 0.491 seconds.[0m
notifying browser that file changed:  resources/public/js/out/goog/deps.js
notifying browser that file changed:  resources/public/js/out/cljs_deps.js
notifying browser that file changed:  out/frontend/core.js
[0mCompiling "resources/public/js/twit_frontend.js" from ["src_js/"]...[0m
[32mSuccessfully compiled "resources/public/js/twit_frontend.js" in 0.352 seconds.[0m
notifying browser that file changed:  out/frontend/core.js
[0mCompiling "resources/public/js/twit_frontend.js" from ["src_js/"]...[0m
[32mSuccessfully compiled "resources/public/js/twit_frontend.js" in 3.777 seconds.[0m
notifying browser that file changed:  resources/public/js/out/cljs_deps.js
notifying browser that file changed:  out/frontend/core.js
[0mCompiling "resources/public/js/twit_frontend.js" from ["src_js/"]...[0m
[32mSuccessfully compiled "resources/public/js/twit_frontend.js" in 0.517 seconds.[0m
notifying browser that file changed:  out/frontend/core.js
[0mCompiling "resources/public/js/twit_frontend.js" from ["src_js/"]...[0m
[32mSuccessfully compiled "resources/public/js/twit_frontend.js" in 0.769 seconds.[0m
notifying browser that file changed:  out/frontend/core.js
[0mCompiling "resources/public/js/twit_frontend.js" from ["src_js/"]...[0m
[32mSuccessfully compiled "resources/public/js/twit_frontend.js" in 0.489 seconds.[0m
notifying browser that file changed:  out/frontend/core.js
[0mCompiling "resources/public/js/twit_frontend.js" from ["src_js/"]...[0m
[32mSuccessfully compiled "resources/public/js/twit_frontend.js" in 0.541 seconds.[0m
notifying browser that file changed:  out/frontend/core.js
[0mCompiling "resources/public/js/twit_frontend.js" from ["src_js/"]...[0m
[32mSuccessfully compiled "resources/public/js/twit_frontend.js" in 0.457 seconds.[0m
notifying browser that file changed:  out/frontend/core.js
[0mCompiling "resources/public/js/twit_frontend.js" from ["src_js/"]...[0m
[32mSuccessfully compiled "resources/public/js/twit_frontend.js" in 0.772 seconds.[0m
notifying browser that file changed:  out/frontend/core.js
[0mCompiling "resources/public/js/twit_frontend.js" from ["src_js/"]...[0m
[32mSuccessfully compiled "resources/public/js/twit_frontend.js" in 0.34 seconds.[0m
notifying browser that file changed:  out/frontend/core.js
[0mCompiling "resources/public/js/twit_frontend.js" from ["src_js/"]...[0m
[32mSuccessfully compiled "resources/public/js/twit_frontend.js" in 0.342 seconds.[0m
notifying browser that file changed:  out/frontend/core.js
[0mCompiling "resources/public/js/twit_frontend.js" from ["src_js/"]...[0m
[32mSuccessfully compiled "resources/public/js/twit_frontend.js" in 0.471 seconds.[0m
notifying browser that file changed:  out/frontend/core.js
[0mCompiling "resources/public/js/twit_frontend.js" from ["src_js/"]...[0m
[32mSuccessfully compiled "resources/public/js/twit_frontend.js" in 0.256 seconds.[0m
notifying browser that file changed:  out/frontend/core.js
[0mCompiling "resources/public/js/twit_frontend.js" from ["src_js/"]...[0m
[32mSuccessfully compiled "resources/public/js/twit_frontend.js" in 0.186 seconds.[0m
notifying browser that file changed:  out/frontend/core.js
[0mCompiling "resources/public/js/twit_frontend.js" from ["src_js/"]...[0m
[32mSuccessfully compiled "resources/public/js/twit_frontend.js" in 0.265 seconds.[0m
notifying browser that file changed:  out/frontend/core.js
[0mCompiling "resources/public/js/twit_frontend.js" from ["src_js/"]...[0m
[32mSuccessfully compiled "resources/public/js/twit_frontend.js" in 0.232 seconds.[0m
notifying browser that file changed:  out/frontend/core.js
[0mCompiling "resources/public/js/twit_frontend.js" from ["src_js/"]...[0m
[32mSuccessfully compiled "resources/public/js/twit_frontend.js" in 0.304 seconds.[0m
notifying browser that file changed:  out/frontend/core.js
[0mCompiling "resources/public/js/twit_frontend.js" from ["src_js/"]...[0m
[32mSuccessfully compiled "resources/public/js/twit_frontend.js" in 0.257 seconds.[0m
notifying browser that file changed:  out/frontend/core.js
[0mCompiling "resources/public/js/twit_frontend.js" from ["src_js/"]...[0m
[32mSuccessfully compiled "resources/public/js/twit_frontend.js" in 0.279 seconds.[0m
notifying browser that file changed:  out/frontend/core.js
[0mCompiling "resources/public/js/twit_frontend.js" from ["src_js/"]...[0m
[32mSuccessfully compiled "resources/public/js/twit_frontend.js" in 0.229 seconds.[0m
notifying browser that file changed:  out/frontend/core.js
[0mCompiling "resources/public/js/twit_frontend.js" from ["src_js/"]...[0m
[32mSuccessfully compiled "resources/public/js/twit_frontend.js" in 0.334 seconds.[0m
notifying browser that file changed:  out/frontend/core.js
[0mCompiling "resources/public/js/twit_frontend.js" from ["src_js/"]...[0m
[32mSuccessfully compiled "resources/public/js/twit_frontend.js" in 0.19 seconds.[0m
notifying browser that file changed:  out/frontend/core.js
[0mCompiling "resources/public/js/twit_frontend.js" from ["src_js/"]...[0m
[32mSuccessfully compiled "resources/public/js/twit_frontend.js" in 0.48 seconds.[0m
notifying browser that file changed:  out/frontend/core.js
[0mCompiling "resources/public/js/twit_frontend.js" from ["src_js/"]...[0m
[32mSuccessfully compiled "resources/public/js/twit_frontend.js" in 0.34 seconds.[0m
notifying browser that file changed:  out/frontend/core.js
[0mCompiling "resources/public/js/twit_frontend.js" from ["src_js/"]...[0m
[32mSuccessfully compiled "resources/public/js/twit_frontend.js" in 0.891 seconds.[0m
notifying browser that file changed:  out/frontend/core.js
[0mCompiling "resources/public/js/twit_frontend.js" from ["src_js/"]...[0m
[32mSuccessfully compiled "resources/public/js/twit_frontend.js" in 0.317 seconds.[0m
notifying browser that file changed:  out/frontend/core.js
[0mCompiling "resources/public/js/twit_frontend.js" from ["src_js/"]...[0m
[32mSuccessfully compiled "resources/public/js/twit_frontend.js" in 0.201 seconds.[0m
notifying browser that file changed:  out/frontend/core.js
[0mCompiling "resources/public/js/twit_frontend.js" from ["src_js/"]...[0m
[32mSuccessfully compiled "resources/public/js/twit_frontend.js" in 0.274 seconds.[0m
notifying browser that file changed:  out/frontend/core.js
[0mCompiling "resources/public/js/twit_frontend.js" from ["src_js/"]...[0m
[32mSuccessfully compiled "resources/public/js/twit_frontend.js" in 0.185 seconds.[0m
notifying browser that file changed:  out/frontend/core.js
[0mCompiling "resources/public/js/twit_frontend.js" from ["src_js/"]...[0m
[32mSuccessfully compiled "resources/public/js/twit_frontend.js" in 0.186 seconds.[0m
notifying browser that file changed:  out/frontend/core.js
[0mCompiling "resources/public/js/twit_frontend.js" from ["src_js/"]...[0m
[32mSuccessfully compiled "resources/public/js/twit_frontend.js" in 0.204 seconds.[0m
notifying browser that file changed:  out/frontend/core.js
[0mCompiling "resources/public/js/twit_frontend.js" from ["src_js/"]...[0m
[32mSuccessfully compiled "resources/public/js/twit_frontend.js" in 0.324 seconds.[0m
notifying browser that file changed:  out/frontend/core.js
[0mCompiling "resources/public/js/twit_frontend.js" from ["src_js/"]...[0m
[32mSuccessfully compiled "resources/public/js/twit_frontend.js" in 0.21 seconds.[0m
notifying browser that file changed:  out/frontend/core.js
[0mCompiling "resources/public/js/twit_frontend.js" from ["src_js/"]...[0m
[32mSuccessfully compiled "resources/public/js/twit_frontend.js" in 0.19 seconds.[0m
notifying browser that file changed:  out/frontend/core.js
[0mCompiling "resources/public/js/twit_frontend.js" from ["src_js/"]...[0m
[32mSuccessfully compiled "resources/public/js/twit_frontend.js" in 0.294 seconds.[0m
notifying browser that file changed:  out/frontend/core.js
[0mCompiling "resources/public/js/twit_frontend.js" from ["src_js/"]...[0m
[32mSuccessfully compiled "resources/public/js/twit_frontend.js" in 0.483 seconds.[0m
notifying browser that file changed:  out/frontend/core.js
[0mCompiling "resources/public/js/twit_frontend.js" from ["src_js/"]...[0m
[32mSuccessfully compiled "resources/public/js/twit_frontend.js" in 0.261 seconds.[0m
notifying browser that file changed:  out/frontend/core.js
[0mCompiling "resources/public/js/twit_frontend.js" from ["src_js/"]...[0m
[32mSuccessfully compiled "resources/public/js/twit_frontend.js" in 0.199 seconds.[0m
notifying browser that file changed:  out/frontend/core.js
[0mCompiling "resources/public/js/twit_frontend.js" from ["src_js/"]...[0m
[32mSuccessfully compiled "resources/public/js/twit_frontend.js" in 0.437 seconds.[0m
notifying browser that file changed:  out/frontend/core.js
[0mCompiling "resources/public/js/twit_frontend.js" from ["src_js/"]...[0m
[32mSuccessfully compiled "resources/public/js/twit_frontend.js" in 0.25 seconds.[0m
notifying browser that file changed:  out/frontend/core.js
[0mCompiling "resources/public/js/twit_frontend.js" from ["src_js/"]...[0m
[32mSuccessfully compiled "resources/public/js/twit_frontend.js" in 0.171 seconds.[0m
notifying browser that file changed:  out/frontend/core.js
[0mCompiling "resources/public/js/twit_frontend.js" from ["src_js/"]...[0m
[32mSuccessfully compiled "resources/public/js/twit_frontend.js" in 0.21 seconds.[0m
notifying browser that file changed:  out/frontend/core.js
[0mCompiling "resources/public/js/twit_frontend.js" from ["src_js/"]...[0m
[32mSuccessfully compiled "resources/public/js/twit_frontend.js" in 0.351 seconds.[0m
notifying browser that file changed:  out/frontend/core.js
[0mCompiling "resources/public/js/twit_frontend.js" from ["src_js/"]...[0m
[36m----  Compiler Warning on   src_js/frontend.cljs   line:22  column:6  ----[0m

  [1mCan't take value of macro cljs.core/for[0m

  [36m19[0m  [36m(defn clicker-spawner[0m
  [36m20[0m  [36m  [][0m
  [36m21[0m  [36m  [:div[0m
  [33m22[0m  [1m    [for [c (range 3)][0m
  [0m  [0m  [33m     ^--- Can't take value of macro cljs.core/for[0m
  [36m23[0m  [36m      (clicker c)]])[0m
  [36m24[0m  [36m[0m
  [36m25[0m  [36m(r/render [clicker-list][0m
  [36m26[0m  [36m  (js/document.getElementById "app"))[0m

[36m----  Compiler Warning : Please see src_js/frontend.cljs  ----[0m
[36m----  Compiler Warning on   src_js/frontend.cljs   line:22  column:11  ----[0m

  [1mUse of undeclared Var frontend.core/c[0m

  [36m19[0m  [36m(defn clicker-spawner[0m
  [36m20[0m  [36m  [][0m
  [36m21[0m  [36m  [:div[0m
  [33m22[0m  [1m    [for [c (range 3)][0m
  [0m  [0m  [33m          ^--- Use of undeclared Var frontend.core/c[0m
  [36m23[0m  [36m      (clicker c)]])[0m
  [36m24[0m  [36m[0m
  [36m25[0m  [36m(r/render [clicker-list][0m
  [36m26[0m  [36m  (js/document.getElementById "app"))[0m

[36m----  Compiler Warning : Please see src_js/frontend.cljs  ----[0m
[36m----  Compiler Warning on   src_js/frontend.cljs   line:23  column:16  ----[0m

  [1mUse of undeclared Var frontend.core/c[0m

  [36m19[0m  [36m(defn clicker-spawner[0m
  [36m20[0m  [36m  [][0m
  [36m21[0m  [36m  [:div[0m
  [36m22[0m  [36m    [for [c (range 3)][0m
  [33m23[0m  [1m      (clicker c)]])[0m
  [0m  [0m  [33m               ^--- Use of undeclared Var frontend.core/c[0m
  [36m24[0m  [36m[0m
  [36m25[0m  [36m(r/render [clicker-list][0m
  [36m26[0m  [36m  (js/document.getElementById "app"))[0m

[36m----  Compiler Warning : Please see src_js/frontend.cljs  ----[0m
[32mSuccessfully compiled "resources/public/js/twit_frontend.js" in 0.555 seconds.[0m
notifying browser that file changed:  out/frontend/core.js
[0mCompiling "resources/public/js/twit_frontend.js" from ["src_js/"]...[0m
[36m----  Compiler Warning on   src_js/frontend.cljs   line:17  column:6  ----[0m

  [1mCan't take value of macro cljs.core/for[0m

  [36m14[0m  [36m(defn clicker-spawner[0m
  [36m15[0m  [36m  [][0m
  [36m16[0m  [36m  [:div[0m
  [33m17[0m  [1m    [for [c (range 3)][0m
  [0m  [0m  [33m     ^--- Can't take value of macro cljs.core/for[0m
  [36m18[0m  [36m      (clicker c)]])[0m
  [36m19[0m  [36m[0m
  [36m20[0m  [36m(r/render [clicker-list][0m
  [36m21[0m  [36m  (js/document.getElementById "app"))[0m

[36m----  Compiler Warning : Please see src_js/frontend.cljs  ----[0m
[36m----  Compiler Warning on   src_js/frontend.cljs   line:17  column:11  ----[0m

  [1mUse of undeclared Var frontend.core/c[0m

  [36m14[0m  [36m(defn clicker-spawner[0m
  [36m15[0m  [36m  [][0m
  [36m16[0m  [36m  [:div[0m
  [33m17[0m  [1m    [for [c (range 3)][0m
  [0m  [0m  [33m          ^--- Use of undeclared Var frontend.core/c[0m
  [36m18[0m  [36m      (clicker c)]])[0m
  [36m19[0m  [36m[0m
  [36m20[0m  [36m(r/render [clicker-list][0m
  [36m21[0m  [36m  (js/document.getElementById "app"))[0m

[36m----  Compiler Warning : Please see src_js/frontend.cljs  ----[0m
[36m----  Compiler Warning on   src_js/frontend.cljs   line:18  column:16  ----[0m

  [1mUse of undeclared Var frontend.core/c[0m

  [36m14[0m  [36m(defn clicker-spawner[0m
  [36m15[0m  [36m  [][0m
  [36m16[0m  [36m  [:div[0m
  [36m17[0m  [36m    [for [c (range 3)][0m
  [33m18[0m  [1m      (clicker c)]])[0m
  [0m  [0m  [33m               ^--- Use of undeclared Var frontend.core/c[0m
  [36m19[0m  [36m[0m
  [36m20[0m  [36m(r/render [clicker-list][0m
  [36m21[0m  [36m  (js/document.getElementById "app"))[0m

[36m----  Compiler Warning : Please see src_js/frontend.cljs  ----[0m
[36m----  Compiler Warning on   src_js/frontend.cljs   line:20  column:12  ----[0m

  [1mUse of undeclared Var frontend.core/clicker-list[0m

  [36m16[0m  [36m  [:div[0m
  [36m17[0m  [36m    [for [c (range 3)][0m
  [36m18[0m  [36m      (clicker c)]])[0m
  [36m19[0m  [36m[0m
  [33m20[0m  [1m(r/render [clicker-list][0m
  [0m  [0m  [33m           ^--- Use of undeclared Var frontend.core/clicker-list[0m
  [36m21[0m  [36m  (js/document.getElementById "app"))[0m

[36m----  Compiler Warning : Please see src_js/frontend.cljs  ----[0m
[32mSuccessfully compiled "resources/public/js/twit_frontend.js" in 0.421 seconds.[0m
notifying browser that file changed:  out/frontend/core.js
[0mCompiling "resources/public/js/twit_frontend.js" from ["src_js/"]...[0m
[36m----  Compiler Warning on   src_js/frontend.cljs   line:20  column:12  ----[0m

  [1mUse of undeclared Var frontend.core/clicker-list[0m

  [36m16[0m  [36m  [:div[0m
  [36m17[0m  [36m    (for [c (range 3)][0m
  [36m18[0m  [36m      (clicker c))])[0m
  [36m19[0m  [36m[0m
  [33m20[0m  [1m(r/render [clicker-list][0m
  [0m  [0m  [33m           ^--- Use of undeclared Var frontend.core/clicker-list[0m
  [36m21[0m  [36m  (js/document.getElementById "app"))[0m

[36m----  Compiler Warning : Please see src_js/frontend.cljs  ----[0m
[32mSuccessfully compiled "resources/public/js/twit_frontend.js" in 0.267 seconds.[0m
notifying browser that file changed:  out/frontend/core.js
[0mCompiling "resources/public/js/twit_frontend.js" from ["src_js/"]...[0m
[32mSuccessfully compiled "resources/public/js/twit_frontend.js" in 0.18 seconds.[0m
notifying browser that file changed:  out/frontend/core.js
[0mCompiling "resources/public/js/twit_frontend.js" from ["src_js/"]...[0m
[32mSuccessfully compiled "resources/public/js/twit_frontend.js" in 0.479 seconds.[0m
notifying browser that file changed:  out/frontend/core.js
[0mCompiling "resources/public/js/twit_frontend.js" from ["src_js/"]...[0m
[32mSuccessfully compiled "resources/public/js/twit_frontend.js" in 0.178 seconds.[0m
notifying browser that file changed:  out/frontend/core.js
[0mCompiling "resources/public/js/twit_frontend.js" from ["src_js/"]...[0m
[32mSuccessfully compiled "resources/public/js/twit_frontend.js" in 0.307 seconds.[0m
notifying browser that file changed:  out/frontend/core.js
[0mCompiling "resources/public/js/twit_frontend.js" from ["src_js/"]...[0m
[32mSuccessfully compiled "resources/public/js/twit_frontend.js" in 0.247 seconds.[0m
notifying browser that file changed:  out/frontend/core.js
[0mCompiling "resources/public/js/twit_frontend.js" from ["src_js/"]...[0m
[32mSuccessfully compiled "resources/public/js/twit_frontend.js" in 0.326 seconds.[0m
notifying browser that file changed:  out/frontend/core.js
[0mCompiling "resources/public/js/twit_frontend.js" from ["src_js/"]...[0m
[32mSuccessfully compiled "resources/public/js/twit_frontend.js" in 0.321 seconds.[0m
notifying browser that file changed:  out/frontend/core.js
[0mCompiling "resources/public/js/twit_frontend.js" from ["src_js/"]...[0m
[32mSuccessfully compiled "resources/public/js/twit_frontend.js" in 0.438 seconds.[0m
notifying browser that file changed:  out/frontend/core.js
[0mCompiling "resources/public/js/twit_frontend.js" from ["src_js/"]...[0m
[32mSuccessfully compiled "resources/public/js/twit_frontend.js" in 0.323 seconds.[0m
notifying browser that file changed:  out/frontend/core.js
[0mCompiling "resources/public/js/twit_frontend.js" from ["src_js/"]...[0m
[32mSuccessfully compiled "resources/public/js/twit_frontend.js" in 0.212 seconds.[0m
notifying browser that file changed:  out/frontend/core.js
[0mCompiling "resources/public/js/twit_frontend.js" from ["src_js/"]...[0m
[32mSuccessfully compiled "resources/public/js/twit_frontend.js" in 0.184 seconds.[0m
notifying browser that file changed:  out/frontend/core.js
[0mCompiling "resources/public/js/twit_frontend.js" from ["src_js/"]...[0m
[32mSuccessfully compiled "resources/public/js/twit_frontend.js" in 0.181 seconds.[0m
notifying browser that file changed:  out/frontend/core.js
[0mCompiling "resources/public/js/twit_frontend.js" from ["src_js/"]...[0m
[32mSuccessfully compiled "resources/public/js/twit_frontend.js" in 0.173 seconds.[0m
notifying browser that file changed:  out/frontend/core.js
[0mCompiling "resources/public/js/twit_frontend.js" from ["src_js/"]...[0m
[32mSuccessfully compiled "resources/public/js/twit_frontend.js" in 0.187 seconds.[0m
notifying browser that file changed:  out/frontend/core.js
[0mCompiling "resources/public/js/twit_frontend.js" from ["src_js/"]...[0m
[32mSuccessfully compiled "resources/public/js/twit_frontend.js" in 0.266 seconds.[0m
notifying browser that file changed:  out/frontend/core.js
[0mCompiling "resources/public/js/twit_frontend.js" from ["src_js/"]...[0m
[32mSuccessfully compiled "resources/public/js/twit_frontend.js" in 0.181 seconds.[0m
notifying browser that file changed:  out/frontend/core.js
[0mCompiling "resources/public/js/twit_frontend.js" from ["src_js/"]...[0m
[32mSuccessfully compiled "resources/public/js/twit_frontend.js" in 0.17 seconds.[0m
notifying browser that file changed:  out/frontend/core.js
[0mCompiling "resources/public/js/twit_frontend.js" from ["src_js/"]...[0m
[32mSuccessfully compiled "resources/public/js/twit_frontend.js" in 0.166 seconds.[0m
notifying browser that file changed:  out/frontend/core.js
[0mCompiling "resources/public/js/twit_frontend.js" from ["src_js/"]...[0m
[32mSuccessfully compiled "resources/public/js/twit_frontend.js" in 0.288 seconds.[0m
notifying browser that file changed:  out/frontend/core.js
[0mCompiling "resources/public/js/twit_frontend.js" from ["src_js/"]...[0m
[32mSuccessfully compiled "resources/public/js/twit_frontend.js" in 0.226 seconds.[0m
notifying browser that file changed:  out/frontend/core.js
[0mCompiling "resources/public/js/twit_frontend.js" from ["src_js/"]...[0m
[32mSuccessfully compiled "resources/public/js/twit_frontend.js" in 0.171 seconds.[0m
notifying browser that file changed:  out/frontend/core.js
[0mCompiling "resources/public/js/twit_frontend.js" from ["src_js/"]...[0m
[32mSuccessfully compiled "resources/public/js/twit_frontend.js" in 0.208 seconds.[0m
notifying browser that file changed:  out/frontend/core.js
[0mCompiling "resources/public/js/twit_frontend.js" from ["src_js/"]...[0m
[32mSuccessfully compiled "resources/public/js/twit_frontend.js" in 0.198 seconds.[0m
notifying browser that file changed:  out/frontend/core.js
[0mCompiling "resources/public/js/twit_frontend.js" from ["src_js/"]...[0m
[32mSuccessfully compiled "resources/public/js/twit_frontend.js" in 0.183 seconds.[0m
notifying browser that file changed:  out/frontend/core.js
[0mCompiling "resources/public/js/twit_frontend.js" from ["src_js/"]...[0m
[32mSuccessfully compiled "resources/public/js/twit_frontend.js" in 0.424 seconds.[0m
notifying browser that file changed:  out/frontend/core.js
[0mCompiling "resources/public/js/twit_frontend.js" from ["src_js/"]...[0m
[36m----  Compiler Warning on   src_js/frontend.cljs   line:18  column:4  ----[0m

  [1mUse of undeclared Var frontend.core/GET[0m

  [36m14[0m  [36m    (for [c [1 2 3]][0m
  [36m15[0m  [36m      ^{:key c} [clicker c])])[0m
  [36m16[0m  [36m[0m
  [36m17[0m  [36m(defn new-user [user][0m
  [33m18[0m  [1m  (GET "" :handler #(reset! new-user (:body %))))[0m
  [0m  [0m  [33m   ^--- Use of undeclared Var frontend.core/GET[0m
  [36m19[0m  [36m(def state (r/atom {}))[0m
  [36m20[0m  [36m(defn page-root [][0m
  [36m21[0m  [36m  (let [user]))[0m

[36m----  Compiler Warning : Please see src_js/frontend.cljs  ----[0m
[31mFailed to compile "resources/public/js/twit_frontend.js" in 0.404 seconds.[0m
[36m----  Could not Analyze  src_js/frontend.cljs   line:21  column:3  ----[0m

  [1mlet requires an even number of forms in binding vector[0m

  [36m19[0m  [36m(def state (r/atom {}))[0m
  [36m20[0m  [36m(defn page-root [][0m
  [33m21[0m  [1m  (let [user]))[0m
  [0m  [0m  [33m  ^--- let requires an even number of forms in binding vector[0m
  [36m22[0m  [36m[0m
  [36m23[0m  [36m[0m
  [36m24[0m  [36m(r/render [clicker-spawner][0m

[36m----  Analysis Error : Please see src_js/frontend.cljs  ----[0m
[0mCompiling "resources/public/js/twit_frontend.js" from ["src_js/"]...[0m
[36m----  Compiler Warning on   src_js/frontend.cljs   line:18  column:4  ----[0m

  [1mUse of undeclared Var frontend.core/GET[0m

  [36m14[0m  [36m    (for [c [1 2 3]][0m
  [36m15[0m  [36m      ^{:key c} [clicker c])])[0m
  [36m16[0m  [36m[0m
  [36m17[0m  [36m(defn new-user [user][0m
  [33m18[0m  [1m  (GET "" :handler #(reset! state (:body %))))[0m
  [0m  [0m  [33m   ^--- Use of undeclared Var frontend.core/GET[0m
  [36m19[0m  [36m[0m
  [36m20[0m  [36m(def state (r/atom {}))[0m
  [36m21[0m  [36m[0m
  [36m22[0m  [36m(defn page-root [][0m
  [36m23[0m  [36m  (let [user]))[0m

[36m----  Compiler Warning : Please see src_js/frontend.cljs  ----[0m
[36m----  Compiler Warning on   src_js/frontend.cljs   line:18  column:29  ----[0m

  [1mUse of undeclared Var frontend.core/state[0m

  [36m14[0m  [36m    (for [c [1 2 3]][0m
  [36m15[0m  [36m      ^{:key c} [clicker c])])[0m
  [36m16[0m  [36m[0m
  [36m17[0m  [36m(defn new-user [user][0m
  [33m18[0m  [1m  (GET "" :handler #(reset! state (:body %))))[0m
  [0m  [0m  [33m                            ^--- Use of undeclared Var frontend.core/state[0m
  [36m19[0m  [36m[0m
  [36m20[0m  [36m(def state (r/atom {}))[0m
  [36m21[0m  [36m[0m
  [36m22[0m  [36m(defn page-root [][0m
  [36m23[0m  [36m  (let [user]))[0m

[36m----  Compiler Warning : Please see src_js/frontend.cljs  ----[0m
[31mFailed to compile "resources/public/js/twit_frontend.js" in 0.359 seconds.[0m
[36m----  Could not Analyze  src_js/frontend.cljs   line:23  column:3  ----[0m

  [1mlet requires an even number of forms in binding vector[0m

  [36m22[0m  [36m(defn page-root [][0m
  [33m23[0m  [1m  (let [user]))[0m
  [0m  [0m  [33m  ^--- let requires an even number of forms in binding vector[0m
  [36m24[0m  [36m[0m
  [36m25[0m  [36m[0m
  [36m26[0m  [36m(r/render [clicker-spawner][0m

[36m----  Analysis Error : Please see src_js/frontend.cljs  ----[0m
[0mCompiling "resources/public/js/twit_frontend.js" from ["src_js/"]...[0m
[36m----  Compiler Warning on   src_js/frontend.cljs   line:18  column:4  ----[0m

  [1mUse of undeclared Var frontend.core/GET[0m

  [36m14[0m  [36m;     (for [c [1 2 3]][0m
  [36m15[0m  [36m;       ^{:key c} [clicker c])])[0m
  [36m16[0m  [36m[0m
  [36m17[0m  [36m(defn new-user [user][0m
  [33m18[0m  [1m  (GET "" :handler #(reset! state (:body %))))[0m
  [0m  [0m  [33m   ^--- Use of undeclared Var frontend.core/GET[0m
  [36m19[0m  [36m[0m
  [36m20[0m  [36m(def state (r/atom {}))[0m
  [36m21[0m  [36m[0m
  [36m22[0m  [36m(defn page-root [][0m
  [36m23[0m  [36m  (let [user]))[0m

[36m----  Compiler Warning : Please see src_js/frontend.cljs  ----[0m
[36m----  Compiler Warning on   src_js/frontend.cljs   line:18  column:29  ----[0m

  [1mUse of undeclared Var frontend.core/state[0m

  [36m14[0m  [36m;     (for [c [1 2 3]][0m
  [36m15[0m  [36m;       ^{:key c} [clicker c])])[0m
  [36m16[0m  [36m[0m
  [36m17[0m  [36m(defn new-user [user][0m
  [33m18[0m  [1m  (GET "" :handler #(reset! state (:body %))))[0m
  [0m  [0m  [33m                            ^--- Use of undeclared Var frontend.core/state[0m
  [36m19[0m  [36m[0m
  [36m20[0m  [36m(def state (r/atom {}))[0m
  [36m21[0m  [36m[0m
  [36m22[0m  [36m(defn page-root [][0m
  [36m23[0m  [36m  (let [user]))[0m

[36m----  Compiler Warning : Please see src_js/frontend.cljs  ----[0m
[31mFailed to compile "resources/public/js/twit_frontend.js" in 0.186 seconds.[0m
[36m----  Could not Analyze  src_js/frontend.cljs   line:23  column:3  ----[0m

  [1mlet requires an even number of forms in binding vector[0m

  [36m22[0m  [36m(defn page-root [][0m
  [33m23[0m  [1m  (let [user]))[0m
  [0m  [0m  [33m  ^--- let requires an even number of forms in binding vector[0m
  [36m24[0m  [36m[0m
  [36m25[0m  [36m[0m
  [36m26[0m  [36m(r/render [clicker-spawner][0m

[36m----  Analysis Error : Please see src_js/frontend.cljs  ----[0m
[0mCompiling "resources/public/js/twit_frontend.js" from ["src_js/"]...[0m
[36m----  Compiler Warning on   src_js/frontend.cljs   line:18  column:4  ----[0m

  [1mUse of undeclared Var frontend.core/GET[0m

  [36m14[0m  [36m;     (for [c [1 2 3]][0m
  [36m15[0m  [36m;       ^{:key c} [clicker c])])[0m
  [36m16[0m  [36m[0m
  [36m17[0m  [36m(defn new-user [user][0m
  [33m18[0m  [1m  (GET (str "/get_user/" user) :handler #(reset! state (:body %))))[0m
  [0m  [0m  [33m   ^--- Use of undeclared Var frontend.core/GET[0m
  [36m19[0m  [36m[0m
  [36m20[0m  [36m(def state (r/atom {}))[0m
  [36m21[0m  [36m[0m
  [36m22[0m  [36m(defn page-root [][0m
  [36m23[0m  [36m  (let [user]))[0m

[36m----  Compiler Warning : Please see src_js/frontend.cljs  ----[0m
[36m----  Compiler Warning on   src_js/frontend.cljs   line:18  column:50  ----[0m

  [1mUse of undeclared Var frontend.core/state[0m

  [36m14[0m  [36m;     (for [c [1 2 3]][0m
  [36m15[0m  [36m;       ^{:key c} [clicker c])])[0m
  [36m16[0m  [36m[0m
  [36m17[0m  [36m(defn new-user [user][0m
  [33m18[0m  [1m  (GET (str "/get_user/" user) :handler #(reset! state (:body %))))[0m
  [0m  [0m  [33m                                                 ^--- Use of undeclared Var frontend.core/state[0m
  [36m19[0m  [36m[0m
  [36m20[0m  [36m(def state (r/atom {}))[0m
  [36m21[0m  [36m[0m
  [36m22[0m  [36m(defn page-root [][0m
  [36m23[0m  [36m  (let [user]))[0m

[36m----  Compiler Warning : Please see src_js/frontend.cljs  ----[0m
[31mFailed to compile "resources/public/js/twit_frontend.js" in 0.307 seconds.[0m
[36m----  Could not Analyze  src_js/frontend.cljs   line:23  column:3  ----[0m

  [1mlet requires an even number of forms in binding vector[0m

  [36m22[0m  [36m(defn page-root [][0m
  [33m23[0m  [1m  (let [user]))[0m
  [0m  [0m  [33m  ^--- let requires an even number of forms in binding vector[0m
  [36m24[0m  [36m[0m
  [36m25[0m  [36m[0m
  [36m26[0m  [36m(r/render [clicker-spawner][0m

[36m----  Analysis Error : Please see src_js/frontend.cljs  ----[0m
[0mCompiling "resources/public/js/twit_frontend.js" from ["src_js/"]...[0m
[36m----  Compiler Warning on   src_js/frontend.cljs   line:18  column:4  ----[0m

  [1mUse of undeclared Var frontend.core/GET[0m

  [36m14[0m  [36m;     (for [c [1 2 3]][0m
  [36m15[0m  [36m;       ^{:key c} [clicker c])])[0m
  [36m16[0m  [36m[0m
  [36m17[0m  [36m(defn new-user [user][0m
  [33m18[0m  [1m  (GET (str "/get_user/" user) :handler #(reset! state (:body %))))[0m
  [0m  [0m  [33m   ^--- Use of undeclared Var frontend.core/GET[0m
  [36m19[0m  [36m[0m
  [36m20[0m  [36m(def state (r/atom {}))[0m
  [36m21[0m  [36m[0m
  [36m22[0m  [36m(defn page-root [][0m
  [36m23[0m  [36m  (let [user]))[0m

[36m----  Compiler Warning : Please see src_js/frontend.cljs  ----[0m
[36m----  Compiler Warning on   src_js/frontend.cljs   line:18  column:50  ----[0m

  [1mUse of undeclared Var frontend.core/state[0m

  [36m14[0m  [36m;     (for [c [1 2 3]][0m
  [36m15[0m  [36m;       ^{:key c} [clicker c])])[0m
  [36m16[0m  [36m[0m
  [36m17[0m  [36m(defn new-user [user][0m
  [33m18[0m  [1m  (GET (str "/get_user/" user) :handler #(reset! state (:body %))))[0m
  [0m  [0m  [33m                                                 ^--- Use of undeclared Var frontend.core/state[0m
  [36m19[0m  [36m[0m
  [36m20[0m  [36m(def state (r/atom {}))[0m
  [36m21[0m  [36m[0m
  [36m22[0m  [36m(defn page-root [][0m
  [36m23[0m  [36m  (let [user]))[0m

[36m----  Compiler Warning : Please see src_js/frontend.cljs  ----[0m
[31mFailed to compile "resources/public/js/twit_frontend.js" in 0.294 seconds.[0m
[36m----  Could not Analyze  src_js/frontend.cljs   line:23  column:3  ----[0m

  [1mlet requires an even number of forms in binding vector[0m

  [36m22[0m  [36m(defn page-root [][0m
  [33m23[0m  [1m  (let [user]))[0m
  [0m  [0m  [33m  ^--- let requires an even number of forms in binding vector[0m
  [36m24[0m  [36m[0m
  [36m25[0m  [36m[0m
  [36m26[0m  [36m(r/render [new-user "rgscherf"][0m

[36m----  Analysis Error : Please see src_js/frontend.cljs  ----[0m
[0mCompiling "resources/public/js/twit_frontend.js" from ["src_js/"]...[0m
[36m----  Compiler Warning on   src_js/frontend.cljs   line:18  column:4  ----[0m

  [1mUse of undeclared Var frontend.core/GET[0m

  [36m14[0m  [36m;     (for [c [1 2 3]][0m
  [36m15[0m  [36m;       ^{:key c} [clicker c])])[0m
  [36m16[0m  [36m[0m
  [36m17[0m  [36m(defn new-user [user][0m
  [33m18[0m  [1m  (GET (str "/get_user/" user) :handler #(reset! state (:body %))))[0m
  [0m  [0m  [33m   ^--- Use of undeclared Var frontend.core/GET[0m
  [36m19[0m  [36m[0m
  [36m20[0m  [36m(def state (r/atom {}))[0m
  [36m21[0m  [36m[0m
  [36m22[0m  [36m(defn page-root [user][0m
  [36m23[0m  [36m  (new-user user))[0m

[36m----  Compiler Warning : Please see src_js/frontend.cljs  ----[0m
[36m----  Compiler Warning on   src_js/frontend.cljs   line:18  column:50  ----[0m

  [1mUse of undeclared Var frontend.core/state[0m

  [36m14[0m  [36m;     (for [c [1 2 3]][0m
  [36m15[0m  [36m;       ^{:key c} [clicker c])])[0m
  [36m16[0m  [36m[0m
  [36m17[0m  [36m(defn new-user [user][0m
  [33m18[0m  [1m  (GET (str "/get_user/" user) :handler #(reset! state (:body %))))[0m
  [0m  [0m  [33m                                                 ^--- Use of undeclared Var frontend.core/state[0m
  [36m19[0m  [36m[0m
  [36m20[0m  [36m(def state (r/atom {}))[0m
  [36m21[0m  [36m[0m
  [36m22[0m  [36m(defn page-root [user][0m
  [36m23[0m  [36m  (new-user user))[0m

[36m----  Compiler Warning : Please see src_js/frontend.cljs  ----[0m
[32mSuccessfully compiled "resources/public/js/twit_frontend.js" in 0.408 seconds.[0m
notifying browser that file changed:  out/frontend/core.js
[0mCompiling "resources/public/js/twit_frontend.js" from ["src_js/"]...[0m
[36m----  Compiler Warning on   src_js/frontend.cljs   line:18  column:4  ----[0m

  [1mUse of undeclared Var frontend.core/GET[0m

  [36m14[0m  [36m;     (for [c [1 2 3]][0m
  [36m15[0m  [36m;       ^{:key c} [clicker c])])[0m
  [36m16[0m  [36m[0m
  [36m17[0m  [36m(defn new-user [user][0m
  [33m18[0m  [1m  (GET (str "/get_user/" user) :handler #(reset! state (:body %))))[0m
  [0m  [0m  [33m   ^--- Use of undeclared Var frontend.core/GET[0m
  [36m19[0m  [36m[0m
  [36m20[0m  [36m(def state (r/atom {}))[0m
  [36m21[0m  [36m[0m
  [36m22[0m  [36m(defn page-root [user][0m
  [36m23[0m  [36m  (new-user user)[0m

[36m----  Compiler Warning : Please see src_js/frontend.cljs  ----[0m
[36m----  Compiler Warning on   src_js/frontend.cljs   line:18  column:50  ----[0m

  [1mUse of undeclared Var frontend.core/state[0m

  [36m14[0m  [36m;     (for [c [1 2 3]][0m
  [36m15[0m  [36m;       ^{:key c} [clicker c])])[0m
  [36m16[0m  [36m[0m
  [36m17[0m  [36m(defn new-user [user][0m
  [33m18[0m  [1m  (GET (str "/get_user/" user) :handler #(reset! state (:body %))))[0m
  [0m  [0m  [33m                                                 ^--- Use of undeclared Var frontend.core/state[0m
  [36m19[0m  [36m[0m
  [36m20[0m  [36m(def state (r/atom {}))[0m
  [36m21[0m  [36m[0m
  [36m22[0m  [36m(defn page-root [user][0m
  [36m23[0m  [36m  (new-user user)[0m

[36m----  Compiler Warning : Please see src_js/frontend.cljs  ----[0m
[32mSuccessfully compiled "resources/public/js/twit_frontend.js" in 0.303 seconds.[0m
notifying browser that file changed:  out/frontend/core.js
[0mCompiling "resources/public/js/twit_frontend.js" from ["src_js/"]...[0m
[36m----  Compiler Warning on   src_js/frontend.cljs   line:18  column:4  ----[0m

  [1mUse of undeclared Var frontend.core/GET[0m

  [36m14[0m  [36m;     (for [c [1 2 3]][0m
  [36m15[0m  [36m;       ^{:key c} [clicker c])])[0m
  [36m16[0m  [36m[0m
  [36m17[0m  [36m(defn new-user [user][0m
  [33m18[0m  [1m  (GET (str "/get_user/" user) :handler #(reset! state (:body %))))[0m
  [0m  [0m  [33m   ^--- Use of undeclared Var frontend.core/GET[0m
  [36m19[0m  [36m[0m
  [36m20[0m  [36m(def state (r/atom {}))[0m
  [36m21[0m  [36m[0m
  [36m22[0m  [36m(defn page-root [user][0m
  [36m23[0m  [36m  (new-user user)[0m

[36m----  Compiler Warning : Please see src_js/frontend.cljs  ----[0m
[36m----  Compiler Warning on   src_js/frontend.cljs   line:18  column:50  ----[0m

  [1mUse of undeclared Var frontend.core/state[0m

  [36m14[0m  [36m;     (for [c [1 2 3]][0m
  [36m15[0m  [36m;       ^{:key c} [clicker c])])[0m
  [36m16[0m  [36m[0m
  [36m17[0m  [36m(defn new-user [user][0m
  [33m18[0m  [1m  (GET (str "/get_user/" user) :handler #(reset! state (:body %))))[0m
  [0m  [0m  [33m                                                 ^--- Use of undeclared Var frontend.core/state[0m
  [36m19[0m  [36m[0m
  [36m20[0m  [36m(def state (r/atom {}))[0m
  [36m21[0m  [36m[0m
  [36m22[0m  [36m(defn page-root [user][0m
  [36m23[0m  [36m  (new-user user)[0m

[36m----  Compiler Warning : Please see src_js/frontend.cljs  ----[0m
[32mSuccessfully compiled "resources/public/js/twit_frontend.js" in 0.291 seconds.[0m
notifying browser that file changed:  out/frontend/core.js
[0mCompiling "resources/public/js/twit_frontend.js" from ["src_js/"]...[0m
[31mFailed to compile "resources/public/js/twit_frontend.js" in 0.181 seconds.[0m
[36m----  Could not Analyze  src_js/frontend.cljs  ----[0m

  [1mNo such namespace: cljs-http.client, could not locate cljs_http/client.cljs, cljs_http/client.cljc, or Closure namespace "cljs-http.client" [0m

[36m----  Analysis Error : Please see src_js/frontend.cljs  ----[0m
[0mCompiling "resources/public/js/twit_frontend.js" from ["src_js/"]...[0m
[31mFailed to compile "resources/public/js/twit_frontend.js" in 0.16 seconds.[0m
[36m----  Could not Analyze  src_js/frontend.cljs  ----[0m

  [1mNo such namespace: cljs-http.client, could not locate cljs_http/client.cljs, cljs_http/client.cljc, or Closure namespace "cljs-http.client" [0m

[36m----  Analysis Error : Please see src_js/frontend.cljs  ----[0m
[0mCompiling "resources/public/js/twit_frontend.js" from ["src_js/"]...[0m
[31mFailed to compile "resources/public/js/twit_frontend.js" in 0.1 seconds.[0m
[36m----  Could not Analyze  src_js/frontend.cljs  ----[0m

  [1mNo such namespace: cljs-http.client, could not locate cljs_http/client.cljs, cljs_http/client.cljc, or Closure namespace "cljs-http.client" [0m

[36m----  Analysis Error : Please see src_js/frontend.cljs  ----[0m
[0mCompiling "resources/public/js/twit_frontend.js" from ["src_js/"]...[0m
[36m----  Compiler Warning on   src_js/frontend.cljs   line:10  column:4  ----[0m

  [1mUse of undeclared Var frontend.core/GET[0m

  [36m 7[0m  [36m(defn new-user [user][0m
  [36m 8[0m  [36m  (go (let [user-url (str "/get_user/" user)[0m
  [36m 9[0m  [36m            response (<! (http/get user-url))]))[0m
  [33m10[0m  [1m  (GET (str "/get_user/" user) :handler #(reset! state (:body %))))[0m
  [0m  [0m  [33m   ^--- Use of undeclared Var frontend.core/GET[0m
  [36m11[0m  [36m[0m
  [36m12[0m  [36m(def state (r/atom {}))[0m
  [36m13[0m  [36m[0m
  [36m14[0m  [36m(defn page-root [user][0m
  [36m15[0m  [36m  (new-user user)[0m

[36m----  Compiler Warning : Please see src_js/frontend.cljs  ----[0m
[36m----  Compiler Warning on   src_js/frontend.cljs   line:10  column:50  ----[0m

  [1mUse of undeclared Var frontend.core/state[0m

  [36m 7[0m  [36m(defn new-user [user][0m
  [36m 8[0m  [36m  (go (let [user-url (str "/get_user/" user)[0m
  [36m 9[0m  [36m            response (<! (http/get user-url))]))[0m
  [33m10[0m  [1m  (GET (str "/get_user/" user) :handler #(reset! state (:body %))))[0m
  [0m  [0m  [33m                                                 ^--- Use of undeclared Var frontend.core/state[0m
  [36m11[0m  [36m[0m
  [36m12[0m  [36m(def state (r/atom {}))[0m
  [36m13[0m  [36m[0m
  [36m14[0m  [36m(defn page-root [user][0m
  [36m15[0m  [36m  (new-user user)[0m

[36m----  Compiler Warning : Please see src_js/frontend.cljs  ----[0m
[32mSuccessfully compiled "resources/public/js/twit_frontend.js" in 0.709 seconds.[0m
notifying browser that file changed:  resources/public/js/out/goog/deps.js
notifying browser that file changed:  resources/public/js/out/cljs_deps.js
notifying browser that file changed:  out/frontend/core.js
[0mCompiling "resources/public/js/twit_frontend.js" from ["src_js/"]...[0m
[36m----  Compiler Warning on   src_js/frontend.cljs   line:11  column:4  ----[0m

  [1mUse of undeclared Var frontend.core/GET[0m

  [36m 7[0m  [36m(defn new-user [user][0m
  [36m 8[0m  [36m  (go (let [user-url (str "/get_user/" user)[0m
  [36m 9[0m  [36m            response (<! (http/get user-url))]))[0m
  [36m10[0m  [36m            [0m
  [33m11[0m  [1m  (GET (str "/get_user/" user) :handler #(reset! state (:body %))))[0m
  [0m  [0m  [33m   ^--- Use of undeclared Var frontend.core/GET[0m
  [36m12[0m  [36m[0m
  [36m13[0m  [36m(def state (r/atom {}))[0m
  [36m14[0m  [36m[0m
  [36m15[0m  [36m(defn page-root [user][0m
  [36m16[0m  [36m  (new-user user)[0m

[36m----  Compiler Warning : Please see src_js/frontend.cljs  ----[0m
[36m----  Compiler Warning on   src_js/frontend.cljs   line:11  column:50  ----[0m

  [1mUse of undeclared Var frontend.core/state[0m

  [36m 7[0m  [36m(defn new-user [user][0m
  [36m 8[0m  [36m  (go (let [user-url (str "/get_user/" user)[0m
  [36m 9[0m  [36m            response (<! (http/get user-url))]))[0m
  [36m10[0m  [36m            [0m
  [33m11[0m  [1m  (GET (str "/get_user/" user) :handler #(reset! state (:body %))))[0m
  [0m  [0m  [33m                                                 ^--- Use of undeclared Var frontend.core/state[0m
  [36m12[0m  [36m[0m
  [36m13[0m  [36m(def state (r/atom {}))[0m
  [36m14[0m  [36m[0m
  [36m15[0m  [36m(defn page-root [user][0m
  [36m16[0m  [36m  (new-user user)[0m

[36m----  Compiler Warning : Please see src_js/frontend.cljs  ----[0m
[32mSuccessfully compiled "resources/public/js/twit_frontend.js" in 0.609 seconds.[0m
notifying browser that file changed:  out/frontend/core.js
[0mCompiling "resources/public/js/twit_frontend.js" from ["src_js/"]...[0m
[36m----  Compiler Warning on   src_js/frontend.cljs   line:10  column:17  ----[0m

  [1mUse of undeclared Var frontend.core/state[0m

  [36m 7[0m  [36m(defn new-user [user][0m
  [36m 8[0m  [36m  (go (let [user-url (str "/get_user/" user)[0m
  [36m 9[0m  [36m            response (<! (http/get user-url))][0m
  [33m10[0m  [1m        (reset! state (:body response))))[0m
  [0m  [0m  [33m                ^--- Use of undeclared Var frontend.core/state[0m
  [36m11[0m  [36m[0m
  [36m12[0m  [36m  (GET (str "/get_user/" user) :handler #(reset! state (:body %))))[0m
  [36m13[0m  [36m[0m
  [36m14[0m  [36m(def state (r/atom {}))[0m

[36m----  Compiler Warning : Please see src_js/frontend.cljs  ----[0m
[36m----  Compiler Warning on   src_js/frontend.cljs   line:12  column:4  ----[0m

  [1mUse of undeclared Var frontend.core/GET[0m

  [36m 8[0m  [36m  (go (let [user-url (str "/get_user/" user)[0m
  [36m 9[0m  [36m            response (<! (http/get user-url))][0m
  [36m10[0m  [36m        (reset! state (:body response))))[0m
  [36m11[0m  [36m[0m
  [33m12[0m  [1m  (GET (str "/get_user/" user) :handler #(reset! state (:body %))))[0m
  [0m  [0m  [33m   ^--- Use of undeclared Var frontend.core/GET[0m
  [36m13[0m  [36m[0m
  [36m14[0m  [36m(def state (r/atom {}))[0m
  [36m15[0m  [36m[0m
  [36m16[0m  [36m(defn page-root [user][0m
  [36m17[0m  [36m  (new-user user)[0m

[36m----  Compiler Warning : Please see src_js/frontend.cljs  ----[0m
[36m----  Compiler Warning on   src_js/frontend.cljs   line:12  column:50  ----[0m

  [1mUse of undeclared Var frontend.core/state[0m

  [36m 8[0m  [36m  (go (let [user-url (str "/get_user/" user)[0m
  [36m 9[0m  [36m            response (<! (http/get user-url))][0m
  [36m10[0m  [36m        (reset! state (:body response))))[0m
  [36m11[0m  [36m[0m
  [33m12[0m  [1m  (GET (str "/get_user/" user) :handler #(reset! state (:body %))))[0m
  [0m  [0m  [33m                                                 ^--- Use of undeclared Var frontend.core/state[0m
  [36m13[0m  [36m[0m
  [36m14[0m  [36m(def state (r/atom {}))[0m
  [36m15[0m  [36m[0m
  [36m16[0m  [36m(defn page-root [user][0m
  [36m17[0m  [36m  (new-user user)[0m

[36m----  Compiler Warning : Please see src_js/frontend.cljs  ----[0m
[32mSuccessfully compiled "resources/public/js/twit_frontend.js" in 0.906 seconds.[0m
notifying browser that file changed:  out/frontend/core.js
[0mCompiling "resources/public/js/twit_frontend.js" from ["src_js/"]...[0m
[32mSuccessfully compiled "resources/public/js/twit_frontend.js" in 0.56 seconds.[0m
notifying browser that file changed:  out/frontend/core.js
[0mCompiling "resources/public/js/twit_frontend.js" from ["src_js/"]...[0m
[32mSuccessfully compiled "resources/public/js/twit_frontend.js" in 0.358 seconds.[0m
notifying browser that file changed:  out/frontend/core.js
[0mCompiling "resources/public/js/twit_frontend.js" from ["src_js/"]...[0m
[32mSuccessfully compiled "resources/public/js/twit_frontend.js" in 2.393 seconds.[0m
notifying browser that file changed:  out/frontend/core.js
